<?xml version="1.0" encoding="UTF-8"?>
<testExecutions version="1">
  <file path="C:\Users\Akif\Desktop\Backend code TestCases\GrowOn-Backend-dev\BE\__tests__\utils\apifeatures.spec.js">
    <testCase name="APIFeatures filter method with different queries" duration="8"/>
    <testCase name="APIFeatures sort method with different queries" duration="3"/>
    <testCase name="APIFeatures sortA, sortbyname, and sortbyCount methods with different queries" duration="2"/>
  </file>
  <file path="C:\Users\Akif\Desktop\Backend code TestCases\GrowOn-Backend-dev\BE\__tests__\utils\password.spec.js">
    <testCase name="password util should return hashed password" duration="10"/>
    <testCase name="password util should return jwt token" duration="2"/>
  </file>
  <file path="C:\Users\Akif\Desktop\Backend code TestCases\GrowOn-Backend-dev\BE\__tests__\utils\email.spec.js">
    <testCase name="sendEmail should send an email" duration="16"/>
  </file>
  <file path="C:\Users\Akif\Desktop\Backend code TestCases\GrowOn-Backend-dev\BE\__tests__\utils\successResponse.spec.js">
    <testCase name="successResponse unit tests SuccessResponse returns the expected output with no arguments" duration="2"/>
    <testCase name="successResponse unit tests SuccessResponse returns the expected output with data and records arguments" duration="2"/>
    <testCase name="successResponse unit tests SuccessResponse returns the expected output with data and message arguments" duration="2"/>
    <testCase name="successResponse unit tests SuccessResponse returns the expected output with all arguments" duration="2"/>
  </file>
  <file path="C:\Users\Akif\Desktop\Backend code TestCases\GrowOn-Backend-dev\BE\__tests__\utils\errorResponse.spec.js">
    <testCase name="ErrorResponse should create an error with a message and a status code" duration="4"/>
    <testCase name="ErrorResponse should create an error with a message and a non-4xx status code" duration="3"/>
  </file>
  <file path="C:\Users\Akif\Desktop\Backend code TestCases\GrowOn-Backend-dev\BE\__tests__\models\userAttendanceModel.spec.js">
    <testCase name="userAttendance Model Validation test teacherId field is required and of type ObjectId" duration="15"/>
    <testCase name="userAttendance Model Validation test schoolId field is required and of type ObjectId" duration="2"/>
    <testCase name="userAttendance Model Validation test status field is required and is a valid value in the statusesEnum array" duration="3"/>
    <testCase name="userAttendance Model Validation test it should check if the date object" duration="6">
      <failure message="Error: expect(received).toEqual(expected) // deep equality"><![CDATA[Error: expect(received).toEqual(expected) // deep equality

Expected: 2023-01-31T06:07:23.345Z
Received: 2023-01-31T06:07:23.344Z
    at Object.toEqual (C:\Users\Akif\Desktop\Backend code TestCases\GrowOn-Backend-dev\BE\__tests__\models\userAttendanceModel.spec.js:42:31)
    at Promise.then.completed (C:\Users\Akif\Desktop\Backend code TestCases\GrowOn-Backend-dev\BE\node_modules\jest-circus\build\utils.js:289:28)
    at new Promise (<anonymous>)
    at callAsyncCircusFn (C:\Users\Akif\Desktop\Backend code TestCases\GrowOn-Backend-dev\BE\node_modules\jest-circus\build\utils.js:222:10)
    at _callCircusTest (C:\Users\Akif\Desktop\Backend code TestCases\GrowOn-Backend-dev\BE\node_modules\jest-circus\build\run.js:248:40)
    at processTicksAndRejections (internal/process/task_queues.js:95:5)
    at _runTest (C:\Users\Akif\Desktop\Backend code TestCases\GrowOn-Backend-dev\BE\node_modules\jest-circus\build\run.js:184:3)
    at _runTestsForDescribeBlock (C:\Users\Akif\Desktop\Backend code TestCases\GrowOn-Backend-dev\BE\node_modules\jest-circus\build\run.js:86:9)
    at _runTestsForDescribeBlock (C:\Users\Akif\Desktop\Backend code TestCases\GrowOn-Backend-dev\BE\node_modules\jest-circus\build\run.js:81:9)
    at run (C:\Users\Akif\Desktop\Backend code TestCases\GrowOn-Backend-dev\BE\node_modules\jest-circus\build\run.js:26:3)
    at runAndTransformResultsToJestFormat (C:\Users\Akif\Desktop\Backend code TestCases\GrowOn-Backend-dev\BE\node_modules\jest-circus\build\legacy-code-todo-rewrite\jestAdapterInit.js:120:21)
    at jestAdapter (C:\Users\Akif\Desktop\Backend code TestCases\GrowOn-Backend-dev\BE\node_modules\jest-circus\build\legacy-code-todo-rewrite\jestAdapter.js:79:19)
    at runTestInternal (C:\Users\Akif\Desktop\Backend code TestCases\GrowOn-Backend-dev\BE\node_modules\jest-runner\build\runTest.js:367:16)
    at runTest (C:\Users\Akif\Desktop\Backend code TestCases\GrowOn-Backend-dev\BE\node_modules\jest-runner\build\runTest.js:444:34)
    at Object.worker (C:\Users\Akif\Desktop\Backend code TestCases\GrowOn-Backend-dev\BE\node_modules\jest-runner\build\testWorker.js:106:12)]]></failure>
    </testCase>
    <testCase name="userAttendance Model Validation test workingHours field is of type Number and has a default value of 0" duration="2"/>
  </file>
  <file path="C:\Users\Akif\Desktop\Backend code TestCases\GrowOn-Backend-dev\BE\__tests__\utils\protect.spec.js">
    <testCase name="Protect MiddleWare should return next for allowed path" duration="8"/>
    <testCase name="Protect MiddleWare should return not authorized when no authorization header is passed" duration="4"/>
    <testCase name="Protect MiddleWare should return not authorized when no token is passed" duration="2"/>
    <testCase name="Protect MiddleWare should return Invalid token when invalid token is passed" duration="2"/>
    <testCase name="Protect MiddleWare should return the user-info when the info is cached" duration="4"/>
  </file>
</testExecutions>